{"/Users/diegofernandes/www/unform/packages/core/lib/Form.tsx": {"path":"/Users/diegofernandes/www/unform/packages/core/lib/Form.tsx","statementMap":{"0":{"start":{"line":1,"column":0},"end":{"line":1,"column":null}},"1":{"start":{"line":10,"column":0},"end":{"line":10,"column":29}},"2":{"start":{"line":12,"column":0},"end":{"line":12,"column":36}},"3":{"start":{"line":15,"column":61},"end":{"line":200,"column":1}},"4":{"start":{"line":16,"column":4},"end":{"line":16,"column":20}},"5":{"start":{"line":16,"column":22},"end":{"line":16,"column":30}},"6":{"start":{"line":16,"column":32},"end":{"line":16,"column":40}},"7":{"start":{"line":19,"column":8},"end":{"line":19,"column":9}},"8":{"start":{"line":19,"column":9},"end":{"line":19,"column":15}},"9":{"start":{"line":19,"column":17},"end":{"line":19,"column":56}},"10":{"start":{"line":20,"column":8},"end":{"line":20,"column":9}},"11":{"start":{"line":20,"column":9},"end":{"line":20,"column":15}},"12":{"start":{"line":20,"column":17},"end":{"line":20,"column":57}},"13":{"start":{"line":22,"column":25},"end":{"line":24,"column":null}},"14":{"start":{"line":23,"column":17},"end":{"line":23,"column":null}},"15":{"start":{"line":23,"column":44},"end":{"line":23,"column":75}},"16":{"start":{"line":27,"column":24},"end":{"line":33,"column":8}},"17":{"start":{"line":27,"column":39},"end":{"line":27,"column":42}},"18":{"start":{"line":27,"column":44},"end":{"line":27,"column":48}},"19":{"start":{"line":27,"column":50},"end":{"line":27,"column":58}},"20":{"start":{"line":28,"column":4},"end":{"line":30,"column":null}},"21":{"start":{"line":29,"column":6},"end":{"line":29,"column":27}},"22":{"start":{"line":32,"column":4},"end":{"line":32,"column":31}},"23":{"start":{"line":35,"column":24},"end":{"line":43,"column":null}},"24":{"start":{"line":36,"column":7},"end":{"line":36,"column":11}},"25":{"start":{"line":36,"column":13},"end":{"line":36,"column":16}},"26":{"start":{"line":36,"column":18},"end":{"line":36,"column":26}},"27":{"start":{"line":37,"column":6},"end":{"line":39,"column":null}},"28":{"start":{"line":38,"column":8},"end":{"line":38,"column":36}},"29":{"start":{"line":41,"column":6},"end":{"line":41,"column":49}},"30":{"start":{"line":46,"column":26},"end":{"line":54,"column":null}},"31":{"start":{"line":47,"column":7},"end":{"line":47,"column":17}},"32":{"start":{"line":47,"column":19},"end":{"line":47,"column":22}},"33":{"start":{"line":47,"column":24},"end":{"line":47,"column":28}},"34":{"start":{"line":48,"column":6},"end":{"line":50,"column":null}},"35":{"start":{"line":49,"column":8},"end":{"line":49,"column":35}},"36":{"start":{"line":52,"column":6},"end":{"line":52,"column":46}},"37":{"start":{"line":57,"column":16},"end":{"line":67,"column":null}},"38":{"start":{"line":58,"column":5},"end":{"line":58,"column":null}},"39":{"start":{"line":59,"column":6},"end":{"line":65,"column":9}},"40":{"start":{"line":59,"column":24},"end":{"line":59,"column":28}},"41":{"start":{"line":59,"column":30},"end":{"line":59,"column":33}},"42":{"start":{"line":59,"column":35},"end":{"line":59,"column":39}},"43":{"start":{"line":59,"column":41},"end":{"line":59,"column":51}},"44":{"start":{"line":60,"column":8},"end":{"line":62,"column":null}},"45":{"start":{"line":61,"column":10},"end":{"line":61,"column":45}},"46":{"start":{"line":64,"column":8},"end":{"line":64,"column":74}},"47":{"start":{"line":70,"column":18},"end":{"line":82,"column":null}},"48":{"start":{"line":72,"column":25},"end":{"line":72,"column":38}},"49":{"start":{"line":74,"column":6},"end":{"line":80,"column":9}},"50":{"start":{"line":74,"column":43},"end":{"line":74,"column":52}},"51":{"start":{"line":74,"column":54},"end":{"line":74,"column":59}},"52":{"start":{"line":75,"column":22},"end":{"line":75,"column":47}},"53":{"start":{"line":77,"column":8},"end":{"line":79,"column":null}},"54":{"start":{"line":78,"column":10},"end":{"line":78,"column":38}},"55":{"start":{"line":85,"column":24},"end":{"line":89,"column":8}},"56":{"start":{"line":86,"column":25},"end":{"line":86,"column":44}},"57":{"start":{"line":88,"column":4},"end":{"line":88,"column":28}},"58":{"start":{"line":91,"column":24},"end":{"line":101,"column":29}},"59":{"start":{"line":92,"column":17},"end":{"line":92,"column":19}},"60":{"start":{"line":94,"column":4},"end":{"line":96,"column":7}},"61":{"start":{"line":95,"column":6},"end":{"line":95,"column":46}},"62":{"start":{"line":98,"column":4},"end":{"line":98,"column":21}},"63":{"start":{"line":100,"column":4},"end":{"line":100,"column":16}},"64":{"start":{"line":103,"column":23},"end":{"line":113,"column":null}},"65":{"start":{"line":104,"column":24},"end":{"line":112,"column":null}},"66":{"start":{"line":105,"column":6},"end":{"line":107,"column":null}},"67":{"start":{"line":106,"column":8},"end":{"line":106,"column":27}},"68":{"start":{"line":109,"column":12},"end":{"line":109,"column":35}},"69":{"start":{"line":111,"column":6},"end":{"line":111,"column":32}},"70":{"start":{"line":116,"column":24},"end":{"line":118,"column":8}},"71":{"start":{"line":117,"column":4},"end":{"line":117,"column":42}},"72":{"start":{"line":117,"column":23},"end":{"line":117,"column":40}},"73":{"start":{"line":120,"column":26},"end":{"line":122,"column":8}},"74":{"start":{"line":121,"column":4},"end":{"line":121,"column":72}},"75":{"start":{"line":121,"column":23},"end":{"line":121,"column":71}},"76":{"start":{"line":121,"column":45},"end":{"line":121,"column":70}},"77":{"start":{"line":124,"column":2},"end":{"line":184,"column":6}},"78":{"start":{"line":124,"column":54},"end":{"line":184,"column":5}},"79":{"start":{"line":126,"column":20},"end":{"line":126,"column":45}},"80":{"start":{"line":128,"column":6},"end":{"line":130,"column":null}},"81":{"start":{"line":129,"column":8},"end":{"line":129,"column":21}},"82":{"start":{"line":132,"column":6},"end":{"line":132,"column":34}},"83":{"start":{"line":135,"column":20},"end":{"line":135,"column":45}},"84":{"start":{"line":137,"column":6},"end":{"line":139,"column":null}},"85":{"start":{"line":138,"column":8},"end":{"line":138,"column":21}},"86":{"start":{"line":141,"column":6},"end":{"line":141,"column":41}},"87":{"start":{"line":144,"column":6},"end":{"line":144,"column":31}},"88":{"start":{"line":147,"column":6},"end":{"line":147,"column":51}},"89":{"start":{"line":151,"column":20},"end":{"line":151,"column":45}},"90":{"start":{"line":153,"column":6},"end":{"line":155,"column":null}},"91":{"start":{"line":154,"column":8},"end":{"line":154,"column":31}},"92":{"start":{"line":158,"column":6},"end":{"line":158,"column":20}},"93":{"start":{"line":161,"column":6},"end":{"line":161,"column":39}},"94":{"start":{"line":164,"column":6},"end":{"line":164,"column":29}},"95":{"start":{"line":167,"column":20},"end":{"line":167,"column":45}},"96":{"start":{"line":169,"column":6},"end":{"line":171,"column":null}},"97":{"start":{"line":170,"column":8},"end":{"line":170,"column":21}},"98":{"start":{"line":173,"column":6},"end":{"line":173,"column":23}},"99":{"start":{"line":176,"column":6},"end":{"line":176,"column":27}},"100":{"start":{"line":179,"column":6},"end":{"line":179,"column":25}},"101":{"start":{"line":182,"column":6},"end":{"line":182,"column":21}},"102":{"start":{"line":186,"column":2},"end":{"line":199,"column":4}},"103":{"start":{"line":202,"column":0},"end":{"line":202,"column":32}}},"fnMap":{"0":{"name":"(anonymous_18)","decl":{"start":{"line":15,"column":61},"end":{"line":15,"column":null}},"loc":{"start":{"line":17,"column":9},"end":{"line":200,"column":1}}},"1":{"name":"(anonymous_19)","decl":{"start":{"line":23,"column":4},"end":{"line":23,"column":13}},"loc":{"start":{"line":23,"column":13},"end":{"line":23,"column":23}}},"2":{"name":"(anonymous_20)","decl":{"start":{"line":23,"column":29},"end":{"line":23,"column":40}},"loc":{"start":{"line":23,"column":40},"end":{"line":23,"column":55}}},"3":{"name":"(anonymous_21)","decl":{"start":{"line":27,"column":36},"end":{"line":27,"column":37}},"loc":{"start":{"line":27,"column":73},"end":{"line":33,"column":3}}},"4":{"name":"(anonymous_22)","decl":{"start":{"line":36,"column":4},"end":{"line":36,"column":5}},"loc":{"start":{"line":36,"column":53},"end":{"line":42,"column":5}}},"5":{"name":"(anonymous_23)","decl":{"start":{"line":47,"column":4},"end":{"line":47,"column":5}},"loc":{"start":{"line":47,"column":43},"end":{"line":53,"column":5}}},"6":{"name":"(anonymous_24)","decl":{"start":{"line":58,"column":4},"end":{"line":58,"column":5}},"loc":{"start":{"line":58,"column":14},"end":{"line":66,"column":5}}},"7":{"name":"(anonymous_25)","decl":{"start":{"line":59,"column":21},"end":{"line":59,"column":22}},"loc":{"start":{"line":59,"column":53},"end":{"line":65,"column":7}}},"8":{"name":"(anonymous_26)","decl":{"start":{"line":71,"column":4},"end":{"line":71,"column":5}},"loc":{"start":{"line":71,"column":17},"end":{"line":81,"column":5}}},"9":{"name":"(anonymous_27)","decl":{"start":{"line":74,"column":41},"end":{"line":74,"column":42}},"loc":{"start":{"line":74,"column":60},"end":{"line":80,"column":7}}},"10":{"name":"(anonymous_28)","decl":{"start":{"line":85,"column":36},"end":{"line":85,"column":37}},"loc":{"start":{"line":85,"column":55},"end":{"line":89,"column":3}}},"11":{"name":"(anonymous_29)","decl":{"start":{"line":91,"column":36},"end":{"line":91,"column":null}},"loc":{"start":{"line":91,"column":36},"end":{"line":101,"column":3}}},"12":{"name":"(anonymous_30)","decl":{"start":{"line":94,"column":19},"end":{"line":94,"column":24}},"loc":{"start":{"line":94,"column":24},"end":{"line":96,"column":5}}},"13":{"name":"(anonymous_31)","decl":{"start":{"line":104,"column":4},"end":{"line":104,"column":11}},"loc":{"start":{"line":104,"column":24},"end":{"line":112,"column":null}}},"14":{"name":"(anonymous_32)","decl":{"start":{"line":104,"column":24},"end":{"line":104,"column":null}},"loc":{"start":{"line":104,"column":24},"end":{"line":112,"column":null}}},"15":{"name":"(anonymous_34)","decl":{"start":{"line":116,"column":36},"end":{"line":116,"column":37}},"loc":{"start":{"line":116,"column":55},"end":{"line":118,"column":3}}},"16":{"name":"(anonymous_35)","decl":{"start":{"line":117,"column":14},"end":{"line":117,"column":19}},"loc":{"start":{"line":117,"column":19},"end":{"line":117,"column":27}}},"17":{"name":"(anonymous_36)","decl":{"start":{"line":120,"column":38},"end":{"line":120,"column":39}},"loc":{"start":{"line":120,"column":56},"end":{"line":122,"column":3}}},"18":{"name":"(anonymous_37)","decl":{"start":{"line":121,"column":14},"end":{"line":121,"column":19}},"loc":{"start":{"line":121,"column":19},"end":{"line":121,"column":28}}},"19":{"name":"(anonymous_38)","decl":{"start":{"line":121,"column":36},"end":{"line":121,"column":41}},"loc":{"start":{"line":121,"column":41},"end":{"line":121,"column":50}}},"20":{"name":"(anonymous_39)","decl":{"start":{"line":124,"column":48},"end":{"line":124,"column":54}},"loc":{"start":{"line":124,"column":48},"end":{"line":124,"column":55}}},"21":{"name":"(anonymous_40)","decl":{"start":{"line":125,"column":17},"end":{"line":125,"column":18}},"loc":{"start":{"line":125,"column":27},"end":{"line":133,"column":5}}},"22":{"name":"(anonymous_41)","decl":{"start":{"line":134,"column":17},"end":{"line":134,"column":18}},"loc":{"start":{"line":134,"column":34},"end":{"line":142,"column":5}}},"23":{"name":"(anonymous_42)","decl":{"start":{"line":143,"column":17},"end":{"line":143,"column":18}},"loc":{"start":{"line":143,"column":27},"end":{"line":145,"column":5}}},"24":{"name":"(anonymous_43)","decl":{"start":{"line":146,"column":17},"end":{"line":146,"column":18}},"loc":{"start":{"line":146,"column":34},"end":{"line":148,"column":5}}},"25":{"name":"(anonymous_44)","decl":{"start":{"line":150,"column":14},"end":{"line":150,"column":15}},"loc":{"start":{"line":150,"column":24},"end":{"line":156,"column":5}}},"26":{"name":"(anonymous_45)","decl":{"start":{"line":157,"column":13},"end":{"line":157,"column":null}},"loc":{"start":{"line":157,"column":13},"end":{"line":159,"column":5}}},"27":{"name":"(anonymous_46)","decl":{"start":{"line":160,"column":13},"end":{"line":160,"column":14}},"loc":{"start":{"line":160,"column":24},"end":{"line":162,"column":5}}},"28":{"name":"(anonymous_47)","decl":{"start":{"line":163,"column":11},"end":{"line":163,"column":null}},"loc":{"start":{"line":163,"column":11},"end":{"line":165,"column":5}}},"29":{"name":"(anonymous_48)","decl":{"start":{"line":166,"column":15},"end":{"line":166,"column":16}},"loc":{"start":{"line":166,"column":25},"end":{"line":174,"column":5}}},"30":{"name":"(anonymous_49)","decl":{"start":{"line":175,"column":11},"end":{"line":175,"column":12}},"loc":{"start":{"line":175,"column":16},"end":{"line":177,"column":5}}},"31":{"name":"(anonymous_50)","decl":{"start":{"line":178,"column":9},"end":{"line":178,"column":10}},"loc":{"start":{"line":178,"column":14},"end":{"line":180,"column":5}}},"32":{"name":"(anonymous_51)","decl":{"start":{"line":181,"column":14},"end":{"line":181,"column":null}},"loc":{"start":{"line":181,"column":14},"end":{"line":183,"column":5}}}},"branchMap":{"0":{"loc":{"start":{"line":16,"column":4},"end":{"line":16,"column":20}},"type":"cond-expr","locations":[{"start":{"line":16,"column":4},"end":{"line":16,"column":20}},{"start":{"line":16,"column":4},"end":{"line":16,"column":20}}]},"1":{"loc":{"start":{"line":28,"column":4},"end":{"line":30,"column":null}},"type":"if","locations":[{"start":{"line":28,"column":4},"end":{"line":30,"column":null}},{"start":{"line":28,"column":4},"end":{"line":30,"column":null}}]},"2":{"loc":{"start":{"line":37,"column":6},"end":{"line":39,"column":null}},"type":"if","locations":[{"start":{"line":37,"column":6},"end":{"line":39,"column":null}},{"start":{"line":37,"column":6},"end":{"line":39,"column":null}}]},"3":{"loc":{"start":{"line":48,"column":6},"end":{"line":50,"column":null}},"type":"if","locations":[{"start":{"line":48,"column":6},"end":{"line":50,"column":null}},{"start":{"line":48,"column":6},"end":{"line":50,"column":null}}]},"4":{"loc":{"start":{"line":58,"column":5},"end":{"line":58,"column":null}},"type":"if","locations":[{"start":{"line":58,"column":5},"end":{"line":58,"column":null}},{"start":{"line":58,"column":5},"end":{"line":58,"column":null}}]},"5":{"loc":{"start":{"line":60,"column":8},"end":{"line":62,"column":null}},"type":"if","locations":[{"start":{"line":60,"column":8},"end":{"line":62,"column":null}},{"start":{"line":60,"column":8},"end":{"line":62,"column":null}}]},"6":{"loc":{"start":{"line":64,"column":42},"end":{"line":64,"column":52}},"type":"cond-expr","locations":[{"start":{"line":64,"column":42},"end":{"line":64,"column":52}},{"start":{"line":64,"column":55},"end":{"line":64,"column":57}}]},"7":{"loc":{"start":{"line":77,"column":8},"end":{"line":79,"column":null}},"type":"if","locations":[{"start":{"line":77,"column":8},"end":{"line":79,"column":null}},{"start":{"line":77,"column":8},"end":{"line":79,"column":null}}]},"8":{"loc":{"start":{"line":105,"column":6},"end":{"line":107,"column":null}},"type":"if","locations":[{"start":{"line":105,"column":6},"end":{"line":107,"column":null}},{"start":{"line":105,"column":6},"end":{"line":107,"column":null}}]},"9":{"loc":{"start":{"line":128,"column":6},"end":{"line":130,"column":null}},"type":"if","locations":[{"start":{"line":128,"column":6},"end":{"line":130,"column":null}},{"start":{"line":128,"column":6},"end":{"line":130,"column":null}}]},"10":{"loc":{"start":{"line":137,"column":6},"end":{"line":139,"column":null}},"type":"if","locations":[{"start":{"line":137,"column":6},"end":{"line":139,"column":null}},{"start":{"line":137,"column":6},"end":{"line":139,"column":null}}]},"11":{"loc":{"start":{"line":153,"column":6},"end":{"line":155,"column":null}},"type":"if","locations":[{"start":{"line":153,"column":6},"end":{"line":155,"column":null}},{"start":{"line":153,"column":6},"end":{"line":155,"column":null}}]},"12":{"loc":{"start":{"line":169,"column":6},"end":{"line":171,"column":null}},"type":"if","locations":[{"start":{"line":169,"column":6},"end":{"line":171,"column":null}},{"start":{"line":169,"column":6},"end":{"line":171,"column":null}}]}},"s":{"0":3,"1":3,"2":3,"3":3,"4":98,"5":49,"6":49,"7":49,"8":49,"9":49,"10":49,"11":49,"12":49,"13":49,"14":11,"15":13,"16":49,"17":12,"18":12,"19":12,"20":12,"21":3,"22":9,"23":49,"24":4,"25":4,"26":4,"27":4,"28":1,"29":3,"30":49,"31":2,"32":2,"33":2,"34":2,"35":1,"36":1,"37":49,"38":7,"39":4,"40":4,"41":4,"42":4,"43":4,"44":4,"45":1,"46":3,"47":49,"48":1,"49":1,"50":2,"51":2,"52":2,"53":2,"54":2,"55":49,"56":1,"57":1,"58":49,"59":9,"60":9,"61":11,"62":9,"63":9,"64":49,"65":8,"66":8,"67":6,"68":8,"69":8,"70":49,"71":29,"72":29,"73":49,"74":27,"75":1,"76":1,"77":49,"78":27,"79":2,"80":2,"81":1,"82":1,"83":3,"84":3,"85":1,"86":2,"87":3,"88":2,"89":2,"90":2,"91":2,"92":1,"93":1,"94":1,"95":2,"96":2,"97":1,"98":1,"99":1,"100":1,"101":2,"102":49,"103":3},"f":{"0":49,"1":11,"2":13,"3":12,"4":4,"5":2,"6":4,"7":4,"8":1,"9":2,"10":1,"11":9,"12":11,"13":8,"14":8,"15":29,"16":29,"17":27,"18":1,"19":1,"20":27,"21":2,"22":3,"23":3,"24":2,"25":2,"26":1,"27":1,"28":1,"29":2,"30":1,"31":1,"32":2},"b":{"0":[0,49],"1":[3,9],"2":[1,3],"3":[1,1],"4":[3,1],"5":[1,3],"6":[1,2],"7":[2,0],"8":[6,2],"9":[1,1],"10":[1,2],"11":[2,0],"12":[1,1]}}
,"/Users/diegofernandes/www/unform/packages/core/lib/Scope.tsx": {"path":"/Users/diegofernandes/www/unform/packages/core/lib/Scope.tsx","statementMap":{"0":{"start":{"line":1,"column":0},"end":{"line":1,"column":53}},"1":{"start":{"line":3,"column":0},"end":{"line":3,"column":36}},"2":{"start":{"line":10,"column":32},"end":{"line":10,"column":36}},"3":{"start":{"line":10,"column":38},"end":{"line":10,"column":46}},"4":{"start":{"line":11,"column":8},"end":{"line":11,"column":10}},"5":{"start":{"line":11,"column":10},"end":{"line":11,"column":19}},"6":{"start":{"line":11,"column":21},"end":{"line":11,"column":56}},"7":{"start":{"line":13,"column":2},"end":{"line":22,"column":4}},"8":{"start":{"line":10,"column":0},"end":{"line":10,"column":24}}},"fnMap":{"0":{"name":"Scope","decl":{"start":{"line":10,"column":24},"end":{"line":10,"column":29}},"loc":{"start":{"line":10,"column":60},"end":{"line":23,"column":1}}}},"branchMap":{"0":{"loc":{"start":{"line":17,"column":48},"end":{"line":17,"column":58}},"type":"cond-expr","locations":[{"start":{"line":17,"column":48},"end":{"line":17,"column":58}},{"start":{"line":17,"column":61},"end":{"line":17,"column":65}}]}},"s":{"0":3,"1":3,"2":8,"3":8,"4":8,"5":8,"6":8,"7":8,"8":3},"f":{"0":8},"b":{"0":[2,6]}}
,"/Users/diegofernandes/www/unform/packages/core/lib/index.ts": {"path":"/Users/diegofernandes/www/unform/packages/core/lib/index.ts","statementMap":{"0":{"start":{"line":4,"column":0},"end":{"line":4,"column":9}},"1":{"start":{"line":4,"column":9},"end":{"line":4,"column":28}},"2":{"start":{"line":9,"column":0},"end":{"line":9,"column":9}},"3":{"start":{"line":9,"column":9},"end":{"line":9,"column":24}},"4":{"start":{"line":10,"column":0},"end":{"line":10,"column":9}},"5":{"start":{"line":10,"column":9},"end":{"line":10,"column":25}},"6":{"start":{"line":20,"column":0},"end":{"line":20,"column":9}},"7":{"start":{"line":20,"column":9},"end":{"line":20,"column":31}}},"fnMap":{},"branchMap":{},"s":{"0":3,"1":3,"2":3,"3":3,"4":3,"5":3,"6":3,"7":3},"f":{},"b":{}}
,"/Users/diegofernandes/www/unform/packages/core/lib/useField.ts": {"path":"/Users/diegofernandes/www/unform/packages/core/lib/useField.ts","statementMap":{"0":{"start":{"line":1,"column":0},"end":{"line":1,"column":46}},"1":{"start":{"line":3,"column":0},"end":{"line":3,"column":29}},"2":{"start":{"line":5,"column":0},"end":{"line":5,"column":36}},"3":{"start":{"line":9,"column":8},"end":{"line":9,"column":null}},"4":{"start":{"line":10,"column":4},"end":{"line":10,"column":15}},"5":{"start":{"line":11,"column":4},"end":{"line":11,"column":10}},"6":{"start":{"line":12,"column":4},"end":{"line":12,"column":13}},"7":{"start":{"line":13,"column":4},"end":{"line":13,"column":19}},"8":{"start":{"line":14,"column":4},"end":{"line":14,"column":null}},"9":{"start":{"line":17,"column":20},"end":{"line":17,"column":61}},"10":{"start":{"line":19,"column":2},"end":{"line":22,"column":5}},"11":{"start":{"line":19,"column":18},"end":{"line":19,"column":52}},"12":{"start":{"line":19,"column":24},"end":{"line":19,"column":52}},"13":{"start":{"line":24,"column":23},"end":{"line":24,"column":55}},"14":{"start":{"line":25,"column":16},"end":{"line":25,"column":33}},"15":{"start":{"line":27,"column":2},"end":{"line":32,"column":4}},"16":{"start":{"line":8,"column":0},"end":{"line":8,"column":24}}},"fnMap":{"0":{"name":"useField","decl":{"start":{"line":8,"column":24},"end":{"line":8,"column":32}},"loc":{"start":{"line":8,"column":45},"end":{"line":33,"column":1}}},"1":{"name":"(anonymous_2)","decl":{"start":{"line":19,"column":12},"end":{"line":19,"column":18}},"loc":{"start":{"line":19,"column":12},"end":{"line":19,"column":24}}},"2":{"name":"(anonymous_3)","decl":{"start":{"line":19,"column":18},"end":{"line":19,"column":24}},"loc":{"start":{"line":19,"column":18},"end":{"line":19,"column":39}}}},"branchMap":{"0":{"loc":{"start":{"line":17,"column":35},"end":{"line":17,"column":54}},"type":"cond-expr","locations":[{"start":{"line":17,"column":35},"end":{"line":17,"column":54}},{"start":{"line":17,"column":57},"end":{"line":17,"column":61}}]}},"s":{"0":3,"1":3,"2":3,"3":62,"4":62,"5":62,"6":62,"7":62,"8":62,"9":62,"10":62,"11":29,"12":27,"13":62,"14":62,"15":62,"16":3},"f":{"0":62,"1":29,"2":27},"b":{"0":[6,56]}}
,"/Users/diegofernandes/www/unform/packages/mobile/lib/Form.tsx": {"path":"/Users/diegofernandes/www/unform/packages/mobile/lib/Form.tsx","statementMap":{"0":{"start":{"line":1,"column":0},"end":{"line":1,"column":66}},"1":{"start":{"line":3,"column":0},"end":{"line":3,"column":74}},"2":{"start":{"line":11,"column":61},"end":{"line":20,"column":1}},"3":{"start":{"line":12,"column":4},"end":{"line":12,"column":20}},"4":{"start":{"line":12,"column":22},"end":{"line":12,"column":30}},"5":{"start":{"line":12,"column":32},"end":{"line":12,"column":40}},"6":{"start":{"line":15,"column":2},"end":{"line":19,"column":4}},"7":{"start":{"line":22,"column":0},"end":{"line":22,"column":32}}},"fnMap":{"0":{"name":"(anonymous_1)","decl":{"start":{"line":11,"column":61},"end":{"line":11,"column":null}},"loc":{"start":{"line":13,"column":9},"end":{"line":20,"column":1}}}},"branchMap":{"0":{"loc":{"start":{"line":12,"column":4},"end":{"line":12,"column":20}},"type":"cond-expr","locations":[{"start":{"line":12,"column":4},"end":{"line":12,"column":20}},{"start":{"line":12,"column":4},"end":{"line":12,"column":20}}]}},"s":{"0":1,"1":1,"2":1,"3":4,"4":2,"5":2,"6":2,"7":1},"f":{"0":2},"b":{"0":[1,1]}}
,"/Users/diegofernandes/www/unform/packages/mobile/lib/index.ts": {"path":"/Users/diegofernandes/www/unform/packages/mobile/lib/index.ts","statementMap":{"0":{"start":{"line":1,"column":0},"end":{"line":1,"column":9}},"1":{"start":{"line":1,"column":9},"end":{"line":1,"column":24}}},"fnMap":{},"branchMap":{},"s":{"0":1,"1":1},"f":{},"b":{}}
,"/Users/diegofernandes/www/unform/packages/web/lib/Form.tsx": {"path":"/Users/diegofernandes/www/unform/packages/web/lib/Form.tsx","statementMap":{"0":{"start":{"line":1,"column":0},"end":{"line":1,"column":66}},"1":{"start":{"line":3,"column":0},"end":{"line":3,"column":null}},"2":{"start":{"line":10,"column":61},"end":{"line":25,"column":1}},"3":{"start":{"line":11,"column":4},"end":{"line":11,"column":20}},"4":{"start":{"line":11,"column":22},"end":{"line":11,"column":30}},"5":{"start":{"line":11,"column":32},"end":{"line":11,"column":40}},"6":{"start":{"line":11,"column":42},"end":{"line":11,"column":49}},"7":{"start":{"line":14,"column":2},"end":{"line":24,"column":4}},"8":{"start":{"line":17,"column":12},"end":{"line":17,"column":24}},"9":{"start":{"line":17,"column":31},"end":{"line":21,"column":null}},"10":{"start":{"line":27,"column":0},"end":{"line":27,"column":32}}},"fnMap":{"0":{"name":"(anonymous_4)","decl":{"start":{"line":10,"column":61},"end":{"line":10,"column":null}},"loc":{"start":{"line":12,"column":9},"end":{"line":25,"column":1}}},"1":{"name":"(anonymous_5)","decl":{"start":{"line":17,"column":9},"end":{"line":17,"column":10}},"loc":{"start":{"line":17,"column":26},"end":{"line":17,"column":null}}}},"branchMap":{"0":{"loc":{"start":{"line":11,"column":4},"end":{"line":11,"column":20}},"type":"cond-expr","locations":[{"start":{"line":11,"column":4},"end":{"line":11,"column":20}},{"start":{"line":11,"column":4},"end":{"line":11,"column":20}}]}},"s":{"0":2,"1":2,"2":2,"3":42,"4":21,"5":21,"6":21,"7":21,"8":45,"9":45,"10":2},"f":{"0":21,"1":45},"b":{"0":[12,9]}}
,"/Users/diegofernandes/www/unform/packages/web/lib/index.ts": {"path":"/Users/diegofernandes/www/unform/packages/web/lib/index.ts","statementMap":{"0":{"start":{"line":1,"column":0},"end":{"line":1,"column":9}},"1":{"start":{"line":1,"column":9},"end":{"line":1,"column":24}}},"fnMap":{},"branchMap":{},"s":{"0":2,"1":2},"f":{},"b":{}}
}
