TN:
SF:/Users/diegofernandes/www/unform/packages/core/lib/Form.tsx
FN:15,(anonymous_18)
FN:23,(anonymous_19)
FN:23,(anonymous_20)
FN:27,(anonymous_21)
FN:36,(anonymous_22)
FN:47,(anonymous_23)
FN:58,(anonymous_24)
FN:59,(anonymous_25)
FN:71,(anonymous_26)
FN:74,(anonymous_27)
FN:85,(anonymous_28)
FN:91,(anonymous_29)
FN:94,(anonymous_30)
FN:104,(anonymous_31)
FN:104,(anonymous_32)
FN:116,(anonymous_34)
FN:117,(anonymous_35)
FN:120,(anonymous_36)
FN:121,(anonymous_37)
FN:121,(anonymous_38)
FN:124,(anonymous_39)
FN:125,(anonymous_40)
FN:134,(anonymous_41)
FN:143,(anonymous_42)
FN:146,(anonymous_43)
FN:150,(anonymous_44)
FN:157,(anonymous_45)
FN:160,(anonymous_46)
FN:163,(anonymous_47)
FN:166,(anonymous_48)
FN:175,(anonymous_49)
FN:178,(anonymous_50)
FN:181,(anonymous_51)
FNF:33
FNH:33
FNDA:49,(anonymous_18)
FNDA:11,(anonymous_19)
FNDA:13,(anonymous_20)
FNDA:12,(anonymous_21)
FNDA:4,(anonymous_22)
FNDA:2,(anonymous_23)
FNDA:4,(anonymous_24)
FNDA:4,(anonymous_25)
FNDA:1,(anonymous_26)
FNDA:2,(anonymous_27)
FNDA:1,(anonymous_28)
FNDA:9,(anonymous_29)
FNDA:11,(anonymous_30)
FNDA:8,(anonymous_31)
FNDA:8,(anonymous_32)
FNDA:29,(anonymous_34)
FNDA:29,(anonymous_35)
FNDA:27,(anonymous_36)
FNDA:1,(anonymous_37)
FNDA:1,(anonymous_38)
FNDA:27,(anonymous_39)
FNDA:2,(anonymous_40)
FNDA:3,(anonymous_41)
FNDA:3,(anonymous_42)
FNDA:2,(anonymous_43)
FNDA:2,(anonymous_44)
FNDA:1,(anonymous_45)
FNDA:1,(anonymous_46)
FNDA:1,(anonymous_47)
FNDA:2,(anonymous_48)
FNDA:1,(anonymous_49)
FNDA:1,(anonymous_50)
FNDA:2,(anonymous_51)
DA:1,3
DA:10,3
DA:12,3
DA:15,3
DA:16,98
DA:19,49
DA:20,49
DA:22,49
DA:23,13
DA:27,49
DA:28,12
DA:29,3
DA:32,9
DA:35,49
DA:36,4
DA:37,4
DA:38,1
DA:41,3
DA:46,49
DA:47,2
DA:48,2
DA:49,1
DA:52,1
DA:57,49
DA:58,7
DA:59,4
DA:60,4
DA:61,1
DA:64,3
DA:70,49
DA:72,1
DA:74,2
DA:75,2
DA:77,2
DA:78,2
DA:85,49
DA:86,1
DA:88,1
DA:91,49
DA:92,9
DA:94,9
DA:95,11
DA:98,9
DA:100,9
DA:103,49
DA:104,8
DA:105,8
DA:106,6
DA:109,8
DA:111,8
DA:116,49
DA:117,29
DA:120,49
DA:121,27
DA:124,49
DA:126,2
DA:128,2
DA:129,1
DA:132,1
DA:135,3
DA:137,3
DA:138,1
DA:141,2
DA:144,3
DA:147,2
DA:151,2
DA:153,2
DA:154,2
DA:158,1
DA:161,1
DA:164,1
DA:167,2
DA:169,2
DA:170,1
DA:173,1
DA:176,1
DA:179,1
DA:182,2
DA:186,49
DA:202,3
LF:80
LH:80
BRDA:16,0,0,0
BRDA:16,0,1,49
BRDA:28,1,0,3
BRDA:28,1,1,9
BRDA:37,2,0,1
BRDA:37,2,1,3
BRDA:48,3,0,1
BRDA:48,3,1,1
BRDA:58,4,0,3
BRDA:58,4,1,1
BRDA:60,5,0,1
BRDA:60,5,1,3
BRDA:64,6,0,1
BRDA:64,6,1,2
BRDA:77,7,0,2
BRDA:77,7,1,0
BRDA:105,8,0,6
BRDA:105,8,1,2
BRDA:128,9,0,1
BRDA:128,9,1,1
BRDA:137,10,0,1
BRDA:137,10,1,2
BRDA:153,11,0,2
BRDA:153,11,1,0
BRDA:169,12,0,1
BRDA:169,12,1,1
BRF:26
BRH:23
end_of_record
TN:
SF:/Users/diegofernandes/www/unform/packages/core/lib/Scope.tsx
FN:10,Scope
FNF:1
FNH:1
FNDA:8,Scope
DA:1,3
DA:3,3
DA:10,8
DA:11,8
DA:13,8
LF:5
LH:5
BRDA:17,0,0,2
BRDA:17,0,1,6
BRF:2
BRH:2
end_of_record
TN:
SF:/Users/diegofernandes/www/unform/packages/core/lib/index.ts
FNF:0
FNH:0
DA:4,3
DA:9,3
DA:10,3
DA:20,3
LF:4
LH:4
BRF:0
BRH:0
end_of_record
TN:
SF:/Users/diegofernandes/www/unform/packages/core/lib/useField.ts
FN:8,useField
FN:19,(anonymous_2)
FN:19,(anonymous_3)
FNF:3
FNH:3
FNDA:62,useField
FNDA:29,(anonymous_2)
FNDA:27,(anonymous_3)
DA:1,3
DA:3,3
DA:5,3
DA:8,3
DA:9,62
DA:10,62
DA:11,62
DA:12,62
DA:13,62
DA:14,62
DA:17,62
DA:19,62
DA:24,62
DA:25,62
DA:27,62
LF:15
LH:15
BRDA:17,0,0,6
BRDA:17,0,1,56
BRF:2
BRH:2
end_of_record
TN:
SF:/Users/diegofernandes/www/unform/packages/mobile/lib/Form.tsx
FN:11,(anonymous_1)
FNF:1
FNH:1
FNDA:2,(anonymous_1)
DA:1,1
DA:3,1
DA:11,1
DA:12,4
DA:15,2
DA:22,1
LF:6
LH:6
BRDA:12,0,0,1
BRDA:12,0,1,1
BRF:2
BRH:2
end_of_record
TN:
SF:/Users/diegofernandes/www/unform/packages/mobile/lib/index.ts
FNF:0
FNH:0
DA:1,1
LF:1
LH:1
BRF:0
BRH:0
end_of_record
TN:
SF:/Users/diegofernandes/www/unform/packages/web/lib/Form.tsx
FN:10,(anonymous_4)
FN:17,(anonymous_5)
FNF:2
FNH:2
FNDA:21,(anonymous_4)
FNDA:45,(anonymous_5)
DA:1,2
DA:3,2
DA:10,2
DA:11,42
DA:14,21
DA:17,45
DA:27,2
LF:7
LH:7
BRDA:11,0,0,12
BRDA:11,0,1,9
BRF:2
BRH:2
end_of_record
TN:
SF:/Users/diegofernandes/www/unform/packages/web/lib/index.ts
FNF:0
FNH:0
DA:1,2
LF:1
LH:1
BRF:0
BRH:0
end_of_record
